<?xml version="1.0" encoding="UTF-8"?>
<testng-results ignored="0" total="1" passed="1" failed="0" skipped="0">
  <reporter-output>
  </reporter-output>
  <suite started-at="2021-02-18T23:20:42 IST" name="Suite" finished-at="2021-02-18T23:20:50 IST" duration-ms="8095">
    <groups>
    </groups>
    <test started-at="2021-02-18T23:20:42 IST" name="Test" finished-at="2021-02-18T23:20:50 IST" duration-ms="8095">
      <class name="com.karna.maven_testng_sample.LoginTestCase">
        <test-method is-config="true" signature="beforeSuite()[pri:0, instance:com.karna.maven_testng_sample.LoginTestCase@4d910fd6]" started-at="2021-02-18T23:20:42 IST" name="beforeSuite" finished-at="2021-02-18T23:20:42 IST" duration-ms="7" status="PASS">
          <reporter-output>
          </reporter-output>
        </test-method> <!-- beforeSuite -->
        <test-method is-config="true" signature="beforeTest()[pri:0, instance:com.karna.maven_testng_sample.LoginTestCase@4d910fd6]" started-at="2021-02-18T23:20:42 IST" name="beforeTest" finished-at="2021-02-18T23:20:45 IST" duration-ms="3090" status="PASS">
          <reporter-output>
          </reporter-output>
        </test-method> <!-- beforeTest -->
        <test-method is-config="true" signature="beforeClass()[pri:0, instance:com.karna.maven_testng_sample.LoginTestCase@4d910fd6]" started-at="2021-02-18T23:20:45 IST" name="beforeClass" finished-at="2021-02-18T23:20:45 IST" duration-ms="0" status="PASS">
          <reporter-output>
          </reporter-output>
        </test-method> <!-- beforeClass -->
        <test-method is-config="true" signature="beforeMethod()[pri:0, instance:com.karna.maven_testng_sample.LoginTestCase@4d910fd6]" started-at="2021-02-18T23:20:45 IST" name="beforeMethod" finished-at="2021-02-18T23:20:45 IST" duration-ms="1" status="PASS">
          <reporter-output>
          </reporter-output>
        </test-method> <!-- beforeMethod -->
        <test-method signature="testEasy()[pri:0, instance:com.karna.maven_testng_sample.LoginTestCase@4d910fd6]" started-at="2021-02-18T23:20:45 IST" name="testEasy" finished-at="2021-02-18T23:20:50 IST" duration-ms="4836" status="PASS">
          <reporter-output>
          </reporter-output>
        </test-method> <!-- testEasy -->
        <test-method is-config="true" signature="afterMethod()[pri:0, instance:com.karna.maven_testng_sample.LoginTestCase@4d910fd6]" started-at="2021-02-18T23:20:50 IST" name="afterMethod" finished-at="2021-02-18T23:20:50 IST" duration-ms="1" status="PASS">
          <reporter-output>
          </reporter-output>
        </test-method> <!-- afterMethod -->
        <test-method is-config="true" signature="afterClass()[pri:0, instance:com.karna.maven_testng_sample.LoginTestCase@4d910fd6]" started-at="2021-02-18T23:20:50 IST" name="afterClass" finished-at="2021-02-18T23:20:50 IST" duration-ms="1" status="PASS">
          <reporter-output>
          </reporter-output>
        </test-method> <!-- afterClass -->
        <test-method is-config="true" signature="afterTest()[pri:0, instance:com.karna.maven_testng_sample.LoginTestCase@4d910fd6]" started-at="2021-02-18T23:20:50 IST" name="afterTest" finished-at="2021-02-18T23:20:50 IST" duration-ms="124" status="PASS">
          <reporter-output>
          </reporter-output>
        </test-method> <!-- afterTest -->
        <test-method is-config="true" signature="afterSuite()[pri:0, instance:com.karna.maven_testng_sample.LoginTestCase@4d910fd6]" started-at="2021-02-18T23:20:50 IST" name="afterSuite" finished-at="2021-02-18T23:20:50 IST" duration-ms="1" status="PASS">
          <reporter-output>
          </reporter-output>
        </test-method> <!-- afterSuite -->
      </class> <!-- com.karna.maven_testng_sample.LoginTestCase -->
    </test> <!-- Test -->
  </suite> <!-- Suite -->
</testng-results>
